The Dart VM service is listening on http://127.0.0.1:60563/u3dDf3eHpgI=/
The Dart DevTools debugger and profiler is available at: http://127.0.0.1:60563/u3dDf3eHpgI=/devtools?uri=ws://127.0.0.1:60563/u3dDf3eHpgI=/ws
The Dart VM service is listening on http://127.0.0.1:61057/fuxVNbzfWPI=/
The Dart DevTools debugger and profiler is available at: http://127.0.0.1:61057/fuxVNbzfWPI=/devtools?uri=ws://127.0.0.1:61057/fuxVNbzfWPI=/ws
The Dart VM service is listening on http://127.0.0.1:61205/Eo-pvv2LukY=/
The Dart DevTools debugger and profiler is available at: http://127.0.0.1:61205/Eo-pvv2LukY=/devtools?uri=ws://127.0.0.1:61205/Eo-pvv2LukY=/ws
The Dart VM service is listening on http://127.0.0.1:61446/9KCke-EtuKE=/
The Dart DevTools debugger and profiler is available at: http://127.0.0.1:61446/9KCke-EtuKE=/devtools?uri=ws://127.0.0.1:61446/9KCke-EtuKE=/ws
The Dart VM service is listening on http://127.0.0.1:61637/cvsK2pbv7Zk=/
The Dart DevTools debugger and profiler is available at: http://127.0.0.1:61637/cvsK2pbv7Zk=/devtools?uri=ws://127.0.0.1:61637/cvsK2pbv7Zk=/ws
The Dart VM service is listening on http://127.0.0.1:61952/MpR0htb-Y1w=/
The Dart DevTools debugger and profiler is available at: http://127.0.0.1:61952/MpR0htb-Y1w=/devtools?uri=ws://127.0.0.1:61952/MpR0htb-Y1w=/ws
The Dart VM service is listening on http://127.0.0.1:62013/2F48S2RokxU=/
The Dart DevTools debugger and profiler is available at: http://127.0.0.1:62013/2F48S2RokxU=/devtools?uri=ws://127.0.0.1:62013/2F48S2RokxU=/ws
The Dart VM service is listening on http://127.0.0.1:62091/uTFdtS8NlwQ=/
The Dart DevTools debugger and profiler is available at: http://127.0.0.1:62091/uTFdtS8NlwQ=/devtools?uri=ws://127.0.0.1:62091/uTFdtS8NlwQ=/ws
The Dart VM service is listening on http://127.0.0.1:62160/TGXXjVS5mK0=/
The Dart DevTools debugger and profiler is available at: http://127.0.0.1:62160/TGXXjVS5mK0=/devtools?uri=ws://127.0.0.1:62160/TGXXjVS5mK0=/ws
The Dart VM service is listening on http://127.0.0.1:62247/xufRMutvQbg=/
The Dart DevTools debugger and profiler is available at: http://127.0.0.1:62247/xufRMutvQbg=/devtools?uri=ws://127.0.0.1:62247/xufRMutvQbg=/ws
The Dart VM service is listening on http://127.0.0.1:62400/KC59tg3gezE=/
The Dart DevTools debugger and profiler is available at: http://127.0.0.1:62400/KC59tg3gezE=/devtools?uri=ws://127.0.0.1:62400/KC59tg3gezE=/ws
The Dart VM service is listening on http://127.0.0.1:62881/TwQtwY4R-5g=/
The Dart DevTools debugger and profiler is available at: http://127.0.0.1:62881/TwQtwY4R-5g=/devtools?uri=ws://127.0.0.1:62881/TwQtwY4R-5g=/ws
The Dart VM service is listening on http://127.0.0.1:63236/eX-Ps-KYG8c=/
The Dart DevTools debugger and profiler is available at: http://127.0.0.1:63236/eX-Ps-KYG8c=/devtools?uri=ws://127.0.0.1:63236/eX-Ps-KYG8c=/ws
The Dart VM service is listening on http://127.0.0.1:63745/DjThqbF0ki0=/
The Dart DevTools debugger and profiler is available at: http://127.0.0.1:63745/DjThqbF0ki0=/devtools?uri=ws://127.0.0.1:63745/DjThqbF0ki0=/ws
The Dart VM service is listening on http://127.0.0.1:49565/uERVQxT42Z0=/
The Dart DevTools debugger and profiler is available at: http://127.0.0.1:49565/uERVQxT42Z0=/devtools?uri=ws://127.0.0.1:49565/uERVQxT42Z0=/ws
The Dart VM service is listening on http://127.0.0.1:49892/mBIQSiz9UZk=/
The Dart DevTools debugger and profiler is available at: http://127.0.0.1:49892/mBIQSiz9UZk=/devtools?uri=ws://127.0.0.1:49892/mBIQSiz9UZk=/ws
The Dart VM service is listening on http://127.0.0.1:50766/AjABLo5ABU4=/
The Dart DevTools debugger and profiler is available at: http://127.0.0.1:50766/AjABLo5ABU4=/devtools?uri=ws://127.0.0.1:50766/AjABLo5ABU4=/ws
The Dart VM service is listening on http://127.0.0.1:50871/bSr59PWk-7U=/
The Dart DevTools debugger and profiler is available at: http://127.0.0.1:50871/bSr59PWk-7U=/devtools?uri=ws://127.0.0.1:50871/bSr59PWk-7U=/ws
The Dart VM service is listening on http://127.0.0.1:51413/Y9yO9S1sCeM=/
The Dart DevTools debugger and profiler is available at: http://127.0.0.1:51413/Y9yO9S1sCeM=/devtools?uri=ws://127.0.0.1:51413/Y9yO9S1sCeM=/ws
The Dart VM service is listening on http://127.0.0.1:51704/zJyW-3ia8Gs=/
The Dart DevTools debugger and profiler is available at: http://127.0.0.1:51704/zJyW-3ia8Gs=/devtools?uri=ws://127.0.0.1:51704/zJyW-3ia8Gs=/ws
The Dart VM service is listening on http://127.0.0.1:51931/HSpOmKn-w60=/
The Dart DevTools debugger and profiler is available at: http://127.0.0.1:51931/HSpOmKn-w60=/devtools?uri=ws://127.0.0.1:51931/HSpOmKn-w60=/ws
The Dart VM service is listening on http://127.0.0.1:54547/58Z6aVXaEOQ=/
The Dart DevTools debugger and profiler is available at: http://127.0.0.1:54547/58Z6aVXaEOQ=/devtools?uri=ws://127.0.0.1:54547/58Z6aVXaEOQ=/ws
The Dart VM service is listening on http://127.0.0.1:54698/tBdj4kAea90=/
The Dart DevTools debugger and profiler is available at: http://127.0.0.1:54698/tBdj4kAea90=/devtools?uri=ws://127.0.0.1:54698/tBdj4kAea90=/ws
The Dart VM service is listening on http://127.0.0.1:59695/PQg2wJmNJPI=/
The Dart DevTools debugger and profiler is available at: http://127.0.0.1:59695/PQg2wJmNJPI=/devtools?uri=ws://127.0.0.1:59695/PQg2wJmNJPI=/ws
The Dart VM service is listening on http://127.0.0.1:54837/-5O58u810y8=/
The Dart DevTools debugger and profiler is available at: http://127.0.0.1:54837/-5O58u810y8=/devtools?uri=ws://127.0.0.1:54837/-5O58u810y8=/ws
The request edit.getAssists failed with the following error:
RequestErrorCode.PLUGIN_ERROR
A request throw the exception:Bad state: Unable to find the context to /Users/fangzhikai/fvm/versions/stable/packages/flutter/lib/src/material/search_anchor.dart
#0      AnalysisContextCollectionImpl.contextFor (package:analyzer/src/dart/analysis/analysis_context_collection.dart:149:5)
#1      _ClientAnalyzerPlugin.handleEditGetAssists (package:custom_lint_builder/src/client.dart:406:47)
<asynchronous suspension>
#2      ServerPlugin._getResponse (package:analyzer_plugin/plugin/plugin.dart:556:18)
<asynchronous suspension>
#3      ServerPlugin._onRequest (package:analyzer_plugin/plugin/plugin.dart:599:18)
<asynchronous suspension>

at:
#0      SocketCustomLintServerToClientChannel.sendCustomLintRequest.<anonymous closure> (package:custom_lint/src/v2/server_to_client_channel.dart:271:11)
#1      _$_CustomLintResponseAnalyzerPluginResponse.map (package:custom_lint/src/v2/protocol.freezed.dart:924:34)
#2      SocketCustomLintServerToClientChannel.sendCustomLintRequest (package:custom_lint/src/v2/server_to_client_channel.dart:265:14)
<asynchronous suspension>
#3      SocketCustomLintServerToClientChannel.sendAnalyzerPluginRequest (package:custom_lint/src/v2/server_to_client_channel.dart:242:22)
<asynchronous suspension>
#4      CustomLintServer._handleRequest.<anonymous closure>.<anonymous closure> (package:custom_lint/src/v2/custom_lint_analyzer_plugin.dart:177:17)
<asynchronous suspension>
#5      PendingOperation.run (package:custom_lint/src/async_operation.dart:22:14)
<asynchronous suspension>
#6      CustomLintServer._handleRequest (package:custom_lint/src/v2/custom_lint_analyzer_plugin.dart:160:22)
<asynchronous suspension>

The request edit.getAssists failed with the following error:
RequestErrorCode.PLUGIN_ERROR
A request throw the exception:Bad state: Unable to find the context to /Users/fangzhikai/fvm/versions/stable/packages/flutter/lib/src/material/search_anchor.dart
#0      AnalysisContextCollectionImpl.contextFor (package:analyzer/src/dart/analysis/analysis_context_collection.dart:149:5)
#1      _ClientAnalyzerPlugin.handleEditGetAssists (package:custom_lint_builder/src/client.dart:406:47)
<asynchronous suspension>
#2      ServerPlugin._getResponse (package:analyzer_plugin/plugin/plugin.dart:556:18)
<asynchronous suspension>
#3      ServerPlugin._onRequest (package:analyzer_plugin/plugin/plugin.dart:599:18)
<asynchronous suspension>

at:
#0      SocketCustomLintServerToClientChannel.sendCustomLintRequest.<anonymous closure> (package:custom_lint/src/v2/server_to_client_channel.dart:271:11)
#1      _$_CustomLintResponseAnalyzerPluginResponse.map (package:custom_lint/src/v2/protocol.freezed.dart:924:34)
#2      SocketCustomLintServerToClientChannel.sendCustomLintRequest (package:custom_lint/src/v2/server_to_client_channel.dart:265:14)
<asynchronous suspension>
#3      SocketCustomLintServerToClientChannel.sendAnalyzerPluginRequest (package:custom_lint/src/v2/server_to_client_channel.dart:242:22)
<asynchronous suspension>
#4      CustomLintServer._handleRequest.<anonymous closure>.<anonymous closure> (package:custom_lint/src/v2/custom_lint_analyzer_plugin.dart:177:17)
<asynchronous suspension>
#5      PendingOperation.run (package:custom_lint/src/async_operation.dart:22:14)
<asynchronous suspension>
#6      CustomLintServer._handleRequest (package:custom_lint/src/v2/custom_lint_analyzer_plugin.dart:160:22)
<asynchronous suspension>

The request edit.getAssists failed with the following error:
RequestErrorCode.PLUGIN_ERROR
A request throw the exception:Bad state: Unable to find the context to /Users/fangzhikai/fvm/versions/stable/packages/flutter/lib/src/material/search_anchor.dart
#0      AnalysisContextCollectionImpl.contextFor (package:analyzer/src/dart/analysis/analysis_context_collection.dart:149:5)
#1      _ClientAnalyzerPlugin.handleEditGetAssists (package:custom_lint_builder/src/client.dart:406:47)
<asynchronous suspension>
#2      ServerPlugin._getResponse (package:analyzer_plugin/plugin/plugin.dart:556:18)
<asynchronous suspension>
#3      ServerPlugin._onRequest (package:analyzer_plugin/plugin/plugin.dart:599:18)
<asynchronous suspension>

at:
#0      SocketCustomLintServerToClientChannel.sendCustomLintRequest.<anonymous closure> (package:custom_lint/src/v2/server_to_client_channel.dart:271:11)
#1      _$_CustomLintResponseAnalyzerPluginResponse.map (package:custom_lint/src/v2/protocol.freezed.dart:924:34)
#2      SocketCustomLintServerToClientChannel.sendCustomLintRequest (package:custom_lint/src/v2/server_to_client_channel.dart:265:14)
<asynchronous suspension>
#3      SocketCustomLintServerToClientChannel.sendAnalyzerPluginRequest (package:custom_lint/src/v2/server_to_client_channel.dart:242:22)
<asynchronous suspension>
#4      CustomLintServer._handleRequest.<anonymous closure>.<anonymous closure> (package:custom_lint/src/v2/custom_lint_analyzer_plugin.dart:177:17)
<asynchronous suspension>
#5      PendingOperation.run (package:custom_lint/src/async_operation.dart:22:14)
<asynchronous suspension>
#6      CustomLintServer._handleRequest (package:custom_lint/src/v2/custom_lint_analyzer_plugin.dart:160:22)
<asynchronous suspension>

The request edit.getAssists failed with the following error:
RequestErrorCode.PLUGIN_ERROR
A request throw the exception:Bad state: Unable to find the context to /Users/fangzhikai/fvm/versions/stable/packages/flutter/lib/src/material/search_anchor.dart
#0      AnalysisContextCollectionImpl.contextFor (package:analyzer/src/dart/analysis/analysis_context_collection.dart:149:5)
#1      _ClientAnalyzerPlugin.handleEditGetAssists (package:custom_lint_builder/src/client.dart:406:47)
<asynchronous suspension>
#2      ServerPlugin._getResponse (package:analyzer_plugin/plugin/plugin.dart:556:18)
<asynchronous suspension>
#3      ServerPlugin._onRequest (package:analyzer_plugin/plugin/plugin.dart:599:18)
<asynchronous suspension>

at:
#0      SocketCustomLintServerToClientChannel.sendCustomLintRequest.<anonymous closure> (package:custom_lint/src/v2/server_to_client_channel.dart:271:11)
#1      _$_CustomLintResponseAnalyzerPluginResponse.map (package:custom_lint/src/v2/protocol.freezed.dart:924:34)
#2      SocketCustomLintServerToClientChannel.sendCustomLintRequest (package:custom_lint/src/v2/server_to_client_channel.dart:265:14)
<asynchronous suspension>
#3      SocketCustomLintServerToClientChannel.sendAnalyzerPluginRequest (package:custom_lint/src/v2/server_to_client_channel.dart:242:22)
<asynchronous suspension>
#4      CustomLintServer._handleRequest.<anonymous closure>.<anonymous closure> (package:custom_lint/src/v2/custom_lint_analyzer_plugin.dart:177:17)
<asynchronous suspension>
#5      PendingOperation.run (package:custom_lint/src/async_operation.dart:22:14)
<asynchronous suspension>
#6      CustomLintServer._handleRequest (package:custom_lint/src/v2/custom_lint_analyzer_plugin.dart:160:22)
<asynchronous suspension>

The request edit.getAssists failed with the following error:
RequestErrorCode.PLUGIN_ERROR
A request throw the exception:Bad state: Unable to find the context to /Users/fangzhikai/fvm/versions/stable/packages/flutter/lib/src/material/search_anchor.dart
#0      AnalysisContextCollectionImpl.contextFor (package:analyzer/src/dart/analysis/analysis_context_collection.dart:149:5)
#1      _ClientAnalyzerPlugin.handleEditGetAssists (package:custom_lint_builder/src/client.dart:406:47)
<asynchronous suspension>
#2      ServerPlugin._getResponse (package:analyzer_plugin/plugin/plugin.dart:556:18)
<asynchronous suspension>
#3      ServerPlugin._onRequest (package:analyzer_plugin/plugin/plugin.dart:599:18)
<asynchronous suspension>

at:
#0      SocketCustomLintServerToClientChannel.sendCustomLintRequest.<anonymous closure> (package:custom_lint/src/v2/server_to_client_channel.dart:271:11)
#1      _$_CustomLintResponseAnalyzerPluginResponse.map (package:custom_lint/src/v2/protocol.freezed.dart:924:34)
#2      SocketCustomLintServerToClientChannel.sendCustomLintRequest (package:custom_lint/src/v2/server_to_client_channel.dart:265:14)
<asynchronous suspension>
#3      SocketCustomLintServerToClientChannel.sendAnalyzerPluginRequest (package:custom_lint/src/v2/server_to_client_channel.dart:242:22)
<asynchronous suspension>
#4      CustomLintServer._handleRequest.<anonymous closure>.<anonymous closure> (package:custom_lint/src/v2/custom_lint_analyzer_plugin.dart:177:17)
<asynchronous suspension>
#5      PendingOperation.run (package:custom_lint/src/async_operation.dart:22:14)
<asynchronous suspension>
#6      CustomLintServer._handleRequest (package:custom_lint/src/v2/custom_lint_analyzer_plugin.dart:160:22)
<asynchronous suspension>

The request edit.getAssists failed with the following error:
RequestErrorCode.PLUGIN_ERROR
A request throw the exception:Bad state: Unable to find the context to /Users/fangzhikai/fvm/versions/stable/packages/flutter/lib/src/material/search_anchor.dart
#0      AnalysisContextCollectionImpl.contextFor (package:analyzer/src/dart/analysis/analysis_context_collection.dart:149:5)
#1      _ClientAnalyzerPlugin.handleEditGetAssists (package:custom_lint_builder/src/client.dart:406:47)
<asynchronous suspension>
#2      ServerPlugin._getResponse (package:analyzer_plugin/plugin/plugin.dart:556:18)
<asynchronous suspension>
#3      ServerPlugin._onRequest (package:analyzer_plugin/plugin/plugin.dart:599:18)
<asynchronous suspension>

at:
#0      SocketCustomLintServerToClientChannel.sendCustomLintRequest.<anonymous closure> (package:custom_lint/src/v2/server_to_client_channel.dart:271:11)
#1      _$_CustomLintResponseAnalyzerPluginResponse.map (package:custom_lint/src/v2/protocol.freezed.dart:924:34)
#2      SocketCustomLintServerToClientChannel.sendCustomLintRequest (package:custom_lint/src/v2/server_to_client_channel.dart:265:14)
<asynchronous suspension>
#3      SocketCustomLintServerToClientChannel.sendAnalyzerPluginRequest (package:custom_lint/src/v2/server_to_client_channel.dart:242:22)
<asynchronous suspension>
#4      CustomLintServer._handleRequest.<anonymous closure>.<anonymous closure> (package:custom_lint/src/v2/custom_lint_analyzer_plugin.dart:177:17)
<asynchronous suspension>
#5      PendingOperation.run (package:custom_lint/src/async_operation.dart:22:14)
<asynchronous suspension>
#6      CustomLintServer._handleRequest (package:custom_lint/src/v2/custom_lint_analyzer_plugin.dart:160:22)
<asynchronous suspension>

The request edit.getAssists failed with the following error:
RequestErrorCode.PLUGIN_ERROR
A request throw the exception:Bad state: Unable to find the context to /Users/fangzhikai/.pub-cache/hosted/pub.dev/dio-5.3.4/lib/src/response.dart
#0      AnalysisContextCollectionImpl.contextFor (package:analyzer/src/dart/analysis/analysis_context_collection.dart:149:5)
#1      _ClientAnalyzerPlugin.handleEditGetAssists (package:custom_lint_builder/src/client.dart:406:47)
<asynchronous suspension>
#2      ServerPlugin._getResponse (package:analyzer_plugin/plugin/plugin.dart:556:18)
<asynchronous suspension>
#3      ServerPlugin._onRequest (package:analyzer_plugin/plugin/plugin.dart:599:18)
<asynchronous suspension>

at:
#0      SocketCustomLintServerToClientChannel.sendCustomLintRequest.<anonymous closure> (package:custom_lint/src/v2/server_to_client_channel.dart:271:11)
#1      _$_CustomLintResponseAnalyzerPluginResponse.map (package:custom_lint/src/v2/protocol.freezed.dart:924:34)
#2      SocketCustomLintServerToClientChannel.sendCustomLintRequest (package:custom_lint/src/v2/server_to_client_channel.dart:265:14)
<asynchronous suspension>
#3      SocketCustomLintServerToClientChannel.sendAnalyzerPluginRequest (package:custom_lint/src/v2/server_to_client_channel.dart:242:22)
<asynchronous suspension>
#4      CustomLintServer._handleRequest.<anonymous closure>.<anonymous closure> (package:custom_lint/src/v2/custom_lint_analyzer_plugin.dart:177:17)
<asynchronous suspension>
#5      PendingOperation.run (package:custom_lint/src/async_operation.dart:22:14)
<asynchronous suspension>
#6      CustomLintServer._handleRequest (package:custom_lint/src/v2/custom_lint_analyzer_plugin.dart:160:22)
<asynchronous suspension>

The Dart VM service is listening on http://127.0.0.1:60142/DeKfO6WiE1c=/
The Dart DevTools debugger and profiler is available at: http://127.0.0.1:60142/DeKfO6WiE1c=/devtools?uri=ws://127.0.0.1:60142/DeKfO6WiE1c=/ws
The request edit.getAssists failed with the following error:
RequestErrorCode.PLUGIN_ERROR
A request throw the exception:Bad state: Unable to find the context to /Users/fangzhikai/fvm/versions/stable/packages/flutter/lib/src/material/search_anchor.dart
#0      AnalysisContextCollectionImpl.contextFor (package:analyzer/src/dart/analysis/analysis_context_collection.dart:149:5)
#1      _ClientAnalyzerPlugin.handleEditGetAssists (package:custom_lint_builder/src/client.dart:406:47)
<asynchronous suspension>
#2      ServerPlugin._getResponse (package:analyzer_plugin/plugin/plugin.dart:556:18)
<asynchronous suspension>
#3      ServerPlugin._onRequest (package:analyzer_plugin/plugin/plugin.dart:599:18)
<asynchronous suspension>

at:
#0      SocketCustomLintServerToClientChannel.sendCustomLintRequest.<anonymous closure> (package:custom_lint/src/v2/server_to_client_channel.dart:271:11)
#1      _$_CustomLintResponseAnalyzerPluginResponse.map (package:custom_lint/src/v2/protocol.freezed.dart:924:34)
#2      SocketCustomLintServerToClientChannel.sendCustomLintRequest (package:custom_lint/src/v2/server_to_client_channel.dart:265:14)
<asynchronous suspension>
#3      SocketCustomLintServerToClientChannel.sendAnalyzerPluginRequest (package:custom_lint/src/v2/server_to_client_channel.dart:242:22)
<asynchronous suspension>
#4      CustomLintServer._handleRequest.<anonymous closure>.<anonymous closure> (package:custom_lint/src/v2/custom_lint_analyzer_plugin.dart:177:17)
<asynchronous suspension>
#5      PendingOperation.run (package:custom_lint/src/async_operation.dart:22:14)
<asynchronous suspension>
#6      CustomLintServer._handleRequest (package:custom_lint/src/v2/custom_lint_analyzer_plugin.dart:160:22)
<asynchronous suspension>

The request edit.getAssists failed with the following error:
RequestErrorCode.PLUGIN_ERROR
A request throw the exception:Bad state: Unable to find the context to /Users/fangzhikai/fvm/versions/stable/packages/flutter/lib/src/material/search_anchor.dart
#0      AnalysisContextCollectionImpl.contextFor (package:analyzer/src/dart/analysis/analysis_context_collection.dart:149:5)
#1      _ClientAnalyzerPlugin.handleEditGetAssists (package:custom_lint_builder/src/client.dart:406:47)
<asynchronous suspension>
#2      ServerPlugin._getResponse (package:analyzer_plugin/plugin/plugin.dart:556:18)
<asynchronous suspension>
#3      ServerPlugin._onRequest (package:analyzer_plugin/plugin/plugin.dart:599:18)
<asynchronous suspension>

at:
#0      SocketCustomLintServerToClientChannel.sendCustomLintRequest.<anonymous closure> (package:custom_lint/src/v2/server_to_client_channel.dart:271:11)
#1      _$_CustomLintResponseAnalyzerPluginResponse.map (package:custom_lint/src/v2/protocol.freezed.dart:924:34)
#2      SocketCustomLintServerToClientChannel.sendCustomLintRequest (package:custom_lint/src/v2/server_to_client_channel.dart:265:14)
<asynchronous suspension>
#3      SocketCustomLintServerToClientChannel.sendAnalyzerPluginRequest (package:custom_lint/src/v2/server_to_client_channel.dart:242:22)
<asynchronous suspension>
#4      CustomLintServer._handleRequest.<anonymous closure>.<anonymous closure> (package:custom_lint/src/v2/custom_lint_analyzer_plugin.dart:177:17)
<asynchronous suspension>
#5      PendingOperation.run (package:custom_lint/src/async_operation.dart:22:14)
<asynchronous suspension>
#6      CustomLintServer._handleRequest (package:custom_lint/src/v2/custom_lint_analyzer_plugin.dart:160:22)
<asynchronous suspension>

The request edit.getAssists failed with the following error:
RequestErrorCode.PLUGIN_ERROR
A request throw the exception:Bad state: Unable to find the context to /Users/fangzhikai/fvm/versions/stable/packages/flutter/lib/src/material/search_anchor.dart
#0      AnalysisContextCollectionImpl.contextFor (package:analyzer/src/dart/analysis/analysis_context_collection.dart:149:5)
#1      _ClientAnalyzerPlugin.handleEditGetAssists (package:custom_lint_builder/src/client.dart:406:47)
<asynchronous suspension>
#2      ServerPlugin._getResponse (package:analyzer_plugin/plugin/plugin.dart:556:18)
<asynchronous suspension>
#3      ServerPlugin._onRequest (package:analyzer_plugin/plugin/plugin.dart:599:18)
<asynchronous suspension>

at:
#0      SocketCustomLintServerToClientChannel.sendCustomLintRequest.<anonymous closure> (package:custom_lint/src/v2/server_to_client_channel.dart:271:11)
#1      _$_CustomLintResponseAnalyzerPluginResponse.map (package:custom_lint/src/v2/protocol.freezed.dart:924:34)
#2      SocketCustomLintServerToClientChannel.sendCustomLintRequest (package:custom_lint/src/v2/server_to_client_channel.dart:265:14)
<asynchronous suspension>
#3      SocketCustomLintServerToClientChannel.sendAnalyzerPluginRequest (package:custom_lint/src/v2/server_to_client_channel.dart:242:22)
<asynchronous suspension>
#4      CustomLintServer._handleRequest.<anonymous closure>.<anonymous closure> (package:custom_lint/src/v2/custom_lint_analyzer_plugin.dart:177:17)
<asynchronous suspension>
#5      PendingOperation.run (package:custom_lint/src/async_operation.dart:22:14)
<asynchronous suspension>
#6      CustomLintServer._handleRequest (package:custom_lint/src/v2/custom_lint_analyzer_plugin.dart:160:22)
<asynchronous suspension>

The request edit.getAssists failed with the following error:
RequestErrorCode.PLUGIN_ERROR
A request throw the exception:Bad state: Unable to find the context to /Users/fangzhikai/fvm/versions/stable/packages/flutter/lib/src/material/search_anchor.dart
#0      AnalysisContextCollectionImpl.contextFor (package:analyzer/src/dart/analysis/analysis_context_collection.dart:149:5)
#1      _ClientAnalyzerPlugin.handleEditGetAssists (package:custom_lint_builder/src/client.dart:406:47)
<asynchronous suspension>
#2      ServerPlugin._getResponse (package:analyzer_plugin/plugin/plugin.dart:556:18)
<asynchronous suspension>
#3      ServerPlugin._onRequest (package:analyzer_plugin/plugin/plugin.dart:599:18)
<asynchronous suspension>

at:
#0      SocketCustomLintServerToClientChannel.sendCustomLintRequest.<anonymous closure> (package:custom_lint/src/v2/server_to_client_channel.dart:271:11)
#1      _$_CustomLintResponseAnalyzerPluginResponse.map (package:custom_lint/src/v2/protocol.freezed.dart:924:34)
#2      SocketCustomLintServerToClientChannel.sendCustomLintRequest (package:custom_lint/src/v2/server_to_client_channel.dart:265:14)
<asynchronous suspension>
#3      SocketCustomLintServerToClientChannel.sendAnalyzerPluginRequest (package:custom_lint/src/v2/server_to_client_channel.dart:242:22)
<asynchronous suspension>
#4      CustomLintServer._handleRequest.<anonymous closure>.<anonymous closure> (package:custom_lint/src/v2/custom_lint_analyzer_plugin.dart:177:17)
<asynchronous suspension>
#5      PendingOperation.run (package:custom_lint/src/async_operation.dart:22:14)
<asynchronous suspension>
#6      CustomLintServer._handleRequest (package:custom_lint/src/v2/custom_lint_analyzer_plugin.dart:160:22)
<asynchronous suspension>

The request edit.getAssists failed with the following error:
RequestErrorCode.PLUGIN_ERROR
A request throw the exception:Bad state: Unable to find the context to /Users/fangzhikai/fvm/versions/stable/packages/flutter/lib/src/material/search_anchor.dart
#0      AnalysisContextCollectionImpl.contextFor (package:analyzer/src/dart/analysis/analysis_context_collection.dart:149:5)
#1      _ClientAnalyzerPlugin.handleEditGetAssists (package:custom_lint_builder/src/client.dart:406:47)
<asynchronous suspension>
#2      ServerPlugin._getResponse (package:analyzer_plugin/plugin/plugin.dart:556:18)
<asynchronous suspension>
#3      ServerPlugin._onRequest (package:analyzer_plugin/plugin/plugin.dart:599:18)
<asynchronous suspension>

at:
#0      SocketCustomLintServerToClientChannel.sendCustomLintRequest.<anonymous closure> (package:custom_lint/src/v2/server_to_client_channel.dart:271:11)
#1      _$_CustomLintResponseAnalyzerPluginResponse.map (package:custom_lint/src/v2/protocol.freezed.dart:924:34)
#2      SocketCustomLintServerToClientChannel.sendCustomLintRequest (package:custom_lint/src/v2/server_to_client_channel.dart:265:14)
<asynchronous suspension>
#3      SocketCustomLintServerToClientChannel.sendAnalyzerPluginRequest (package:custom_lint/src/v2/server_to_client_channel.dart:242:22)
<asynchronous suspension>
#4      CustomLintServer._handleRequest.<anonymous closure>.<anonymous closure> (package:custom_lint/src/v2/custom_lint_analyzer_plugin.dart:177:17)
<asynchronous suspension>
#5      PendingOperation.run (package:custom_lint/src/async_operation.dart:22:14)
<asynchronous suspension>
#6      CustomLintServer._handleRequest (package:custom_lint/src/v2/custom_lint_analyzer_plugin.dart:160:22)
<asynchronous suspension>

The request edit.getAssists failed with the following error:
RequestErrorCode.PLUGIN_ERROR
A request throw the exception:Bad state: Unable to find the context to /Users/fangzhikai/fvm/versions/stable/packages/flutter/lib/src/material/search_anchor.dart
#0      AnalysisContextCollectionImpl.contextFor (package:analyzer/src/dart/analysis/analysis_context_collection.dart:149:5)
#1      _ClientAnalyzerPlugin.handleEditGetAssists (package:custom_lint_builder/src/client.dart:406:47)
<asynchronous suspension>
#2      ServerPlugin._getResponse (package:analyzer_plugin/plugin/plugin.dart:556:18)
<asynchronous suspension>
#3      ServerPlugin._onRequest (package:analyzer_plugin/plugin/plugin.dart:599:18)
<asynchronous suspension>

at:
#0      SocketCustomLintServerToClientChannel.sendCustomLintRequest.<anonymous closure> (package:custom_lint/src/v2/server_to_client_channel.dart:271:11)
#1      _$_CustomLintResponseAnalyzerPluginResponse.map (package:custom_lint/src/v2/protocol.freezed.dart:924:34)
#2      SocketCustomLintServerToClientChannel.sendCustomLintRequest (package:custom_lint/src/v2/server_to_client_channel.dart:265:14)
<asynchronous suspension>
#3      SocketCustomLintServerToClientChannel.sendAnalyzerPluginRequest (package:custom_lint/src/v2/server_to_client_channel.dart:242:22)
<asynchronous suspension>
#4      CustomLintServer._handleRequest.<anonymous closure>.<anonymous closure> (package:custom_lint/src/v2/custom_lint_analyzer_plugin.dart:177:17)
<asynchronous suspension>
#5      PendingOperation.run (package:custom_lint/src/async_operation.dart:22:14)
<asynchronous suspension>
#6      CustomLintServer._handleRequest (package:custom_lint/src/v2/custom_lint_analyzer_plugin.dart:160:22)
<asynchronous suspension>

The request edit.getAssists failed with the following error:
RequestErrorCode.PLUGIN_ERROR
A request throw the exception:Bad state: Unable to find the context to /Users/fangzhikai/fvm/versions/stable/packages/flutter/lib/src/material/search_anchor.dart
#0      AnalysisContextCollectionImpl.contextFor (package:analyzer/src/dart/analysis/analysis_context_collection.dart:149:5)
#1      _ClientAnalyzerPlugin.handleEditGetAssists (package:custom_lint_builder/src/client.dart:406:47)
<asynchronous suspension>
#2      ServerPlugin._getResponse (package:analyzer_plugin/plugin/plugin.dart:556:18)
<asynchronous suspension>
#3      ServerPlugin._onRequest (package:analyzer_plugin/plugin/plugin.dart:599:18)
<asynchronous suspension>

at:
#0      SocketCustomLintServerToClientChannel.sendCustomLintRequest.<anonymous closure> (package:custom_lint/src/v2/server_to_client_channel.dart:271:11)
#1      _$_CustomLintResponseAnalyzerPluginResponse.map (package:custom_lint/src/v2/protocol.freezed.dart:924:34)
#2      SocketCustomLintServerToClientChannel.sendCustomLintRequest (package:custom_lint/src/v2/server_to_client_channel.dart:265:14)
<asynchronous suspension>
#3      SocketCustomLintServerToClientChannel.sendAnalyzerPluginRequest (package:custom_lint/src/v2/server_to_client_channel.dart:242:22)
<asynchronous suspension>
#4      CustomLintServer._handleRequest.<anonymous closure>.<anonymous closure> (package:custom_lint/src/v2/custom_lint_analyzer_plugin.dart:177:17)
<asynchronous suspension>
#5      PendingOperation.run (package:custom_lint/src/async_operation.dart:22:14)
<asynchronous suspension>
#6      CustomLintServer._handleRequest (package:custom_lint/src/v2/custom_lint_analyzer_plugin.dart:160:22)
<asynchronous suspension>

The request edit.getAssists failed with the following error:
RequestErrorCode.PLUGIN_ERROR
A request throw the exception:Bad state: Unable to find the context to /Users/fangzhikai/fvm/versions/stable/packages/flutter/lib/src/material/search_anchor.dart
#0      AnalysisContextCollectionImpl.contextFor (package:analyzer/src/dart/analysis/analysis_context_collection.dart:149:5)
#1      _ClientAnalyzerPlugin.handleEditGetAssists (package:custom_lint_builder/src/client.dart:406:47)
<asynchronous suspension>
#2      ServerPlugin._getResponse (package:analyzer_plugin/plugin/plugin.dart:556:18)
<asynchronous suspension>
#3      ServerPlugin._onRequest (package:analyzer_plugin/plugin/plugin.dart:599:18)
<asynchronous suspension>

at:
#0      SocketCustomLintServerToClientChannel.sendCustomLintRequest.<anonymous closure> (package:custom_lint/src/v2/server_to_client_channel.dart:271:11)
#1      _$_CustomLintResponseAnalyzerPluginResponse.map (package:custom_lint/src/v2/protocol.freezed.dart:924:34)
#2      SocketCustomLintServerToClientChannel.sendCustomLintRequest (package:custom_lint/src/v2/server_to_client_channel.dart:265:14)
<asynchronous suspension>
#3      SocketCustomLintServerToClientChannel.sendAnalyzerPluginRequest (package:custom_lint/src/v2/server_to_client_channel.dart:242:22)
<asynchronous suspension>
#4      CustomLintServer._handleRequest.<anonymous closure>.<anonymous closure> (package:custom_lint/src/v2/custom_lint_analyzer_plugin.dart:177:17)
<asynchronous suspension>
#5      PendingOperation.run (package:custom_lint/src/async_operation.dart:22:14)
<asynchronous suspension>
#6      CustomLintServer._handleRequest (package:custom_lint/src/v2/custom_lint_analyzer_plugin.dart:160:22)
<asynchronous suspension>

The request edit.getAssists failed with the following error:
RequestErrorCode.PLUGIN_ERROR
A request throw the exception:Bad state: Unable to find the context to /Users/fangzhikai/fvm/versions/stable/packages/flutter/lib/src/material/search_anchor.dart
#0      AnalysisContextCollectionImpl.contextFor (package:analyzer/src/dart/analysis/analysis_context_collection.dart:149:5)
#1      _ClientAnalyzerPlugin.handleEditGetAssists (package:custom_lint_builder/src/client.dart:406:47)
<asynchronous suspension>
#2      ServerPlugin._getResponse (package:analyzer_plugin/plugin/plugin.dart:556:18)
<asynchronous suspension>
#3      ServerPlugin._onRequest (package:analyzer_plugin/plugin/plugin.dart:599:18)
<asynchronous suspension>

at:
#0      SocketCustomLintServerToClientChannel.sendCustomLintRequest.<anonymous closure> (package:custom_lint/src/v2/server_to_client_channel.dart:271:11)
#1      _$_CustomLintResponseAnalyzerPluginResponse.map (package:custom_lint/src/v2/protocol.freezed.dart:924:34)
#2      SocketCustomLintServerToClientChannel.sendCustomLintRequest (package:custom_lint/src/v2/server_to_client_channel.dart:265:14)
<asynchronous suspension>
#3      SocketCustomLintServerToClientChannel.sendAnalyzerPluginRequest (package:custom_lint/src/v2/server_to_client_channel.dart:242:22)
<asynchronous suspension>
#4      CustomLintServer._handleRequest.<anonymous closure>.<anonymous closure> (package:custom_lint/src/v2/custom_lint_analyzer_plugin.dart:177:17)
<asynchronous suspension>
#5      PendingOperation.run (package:custom_lint/src/async_operation.dart:22:14)
<asynchronous suspension>
#6      CustomLintServer._handleRequest (package:custom_lint/src/v2/custom_lint_analyzer_plugin.dart:160:22)
<asynchronous suspension>

The Dart VM service is listening on http://127.0.0.1:65221/Cwp9A5Z17-A=/
The Dart DevTools debugger and profiler is available at: http://127.0.0.1:65221/Cwp9A5Z17-A=/devtools?uri=ws://127.0.0.1:65221/Cwp9A5Z17-A=/ws
The Dart VM service is listening on http://127.0.0.1:49639/9x0v1Fn2RNM=/
The Dart DevTools debugger and profiler is available at: http://127.0.0.1:49639/9x0v1Fn2RNM=/devtools?uri=ws://127.0.0.1:49639/9x0v1Fn2RNM=/ws
The request edit.getAssists failed with the following error:
RequestErrorCode.PLUGIN_ERROR
A request throw the exception:Bad state: Unable to find the context to /Users/fangzhikai/.pub-cache/hosted/pub.dev/riverpod-2.4.6/lib/src/state_notifier_provider/base.dart
#0      AnalysisContextCollectionImpl.contextFor (package:analyzer/src/dart/analysis/analysis_context_collection.dart:149:5)
#1      _ClientAnalyzerPlugin.handleEditGetAssists (package:custom_lint_builder/src/client.dart:406:47)
<asynchronous suspension>
#2      ServerPlugin._getResponse (package:analyzer_plugin/plugin/plugin.dart:556:18)
<asynchronous suspension>
#3      ServerPlugin._onRequest (package:analyzer_plugin/plugin/plugin.dart:599:18)
<asynchronous suspension>

at:
#0      SocketCustomLintServerToClientChannel.sendCustomLintRequest.<anonymous closure> (package:custom_lint/src/v2/server_to_client_channel.dart:271:11)
#1      _$_CustomLintResponseAnalyzerPluginResponse.map (package:custom_lint/src/v2/protocol.freezed.dart:924:34)
#2      SocketCustomLintServerToClientChannel.sendCustomLintRequest (package:custom_lint/src/v2/server_to_client_channel.dart:265:14)
<asynchronous suspension>
#3      SocketCustomLintServerToClientChannel.sendAnalyzerPluginRequest (package:custom_lint/src/v2/server_to_client_channel.dart:242:22)
<asynchronous suspension>
#4      CustomLintServer._handleRequest.<anonymous closure>.<anonymous closure> (package:custom_lint/src/v2/custom_lint_analyzer_plugin.dart:177:17)
<asynchronous suspension>
#5      PendingOperation.run (package:custom_lint/src/async_operation.dart:22:14)
<asynchronous suspension>
#6      CustomLintServer._handleRequest (package:custom_lint/src/v2/custom_lint_analyzer_plugin.dart:160:22)
<asynchronous suspension>

The request edit.getAssists failed with the following error:
RequestErrorCode.PLUGIN_ERROR
A request throw the exception:Bad state: Unable to find the context to /Users/fangzhikai/.pub-cache/hosted/pub.dev/riverpod-2.4.6/lib/src/state_notifier_provider/base.dart
#0      AnalysisContextCollectionImpl.contextFor (package:analyzer/src/dart/analysis/analysis_context_collection.dart:149:5)
#1      _ClientAnalyzerPlugin.handleEditGetAssists (package:custom_lint_builder/src/client.dart:406:47)
<asynchronous suspension>
#2      ServerPlugin._getResponse (package:analyzer_plugin/plugin/plugin.dart:556:18)
<asynchronous suspension>
#3      ServerPlugin._onRequest (package:analyzer_plugin/plugin/plugin.dart:599:18)
<asynchronous suspension>

at:
#0      SocketCustomLintServerToClientChannel.sendCustomLintRequest.<anonymous closure> (package:custom_lint/src/v2/server_to_client_channel.dart:271:11)
#1      _$_CustomLintResponseAnalyzerPluginResponse.map (package:custom_lint/src/v2/protocol.freezed.dart:924:34)
#2      SocketCustomLintServerToClientChannel.sendCustomLintRequest (package:custom_lint/src/v2/server_to_client_channel.dart:265:14)
<asynchronous suspension>
#3      SocketCustomLintServerToClientChannel.sendAnalyzerPluginRequest (package:custom_lint/src/v2/server_to_client_channel.dart:242:22)
<asynchronous suspension>
#4      CustomLintServer._handleRequest.<anonymous closure>.<anonymous closure> (package:custom_lint/src/v2/custom_lint_analyzer_plugin.dart:177:17)
<asynchronous suspension>
#5      PendingOperation.run (package:custom_lint/src/async_operation.dart:22:14)
<asynchronous suspension>
#6      CustomLintServer._handleRequest (package:custom_lint/src/v2/custom_lint_analyzer_plugin.dart:160:22)
<asynchronous suspension>

The Dart VM service is listening on http://127.0.0.1:53727/ux3U5jfjj1E=/
The Dart DevTools debugger and profiler is available at: http://127.0.0.1:53727/ux3U5jfjj1E=/devtools?uri=ws://127.0.0.1:53727/ux3U5jfjj1E=/ws
The Dart VM service is listening on http://127.0.0.1:56607/J3BMKDq3C9k=/
The Dart DevTools debugger and profiler is available at: http://127.0.0.1:56607/J3BMKDq3C9k=/devtools?uri=ws://127.0.0.1:56607/J3BMKDq3C9k=/ws
The Dart VM service is listening on http://127.0.0.1:50534/O6dcV13BPds=/
The Dart DevTools debugger and profiler is available at: http://127.0.0.1:50534/O6dcV13BPds=/devtools?uri=ws://127.0.0.1:50534/O6dcV13BPds=/ws
The Dart VM service is listening on http://127.0.0.1:63386/7UlwkEYHEnU=/
The Dart DevTools debugger and profiler is available at: http://127.0.0.1:63386/7UlwkEYHEnU=/devtools?uri=ws://127.0.0.1:63386/7UlwkEYHEnU=/ws
The Dart VM service is listening on http://127.0.0.1:49592/eOFURpKAojA=/
The Dart DevTools debugger and profiler is available at: http://127.0.0.1:49592/eOFURpKAojA=/devtools?uri=ws://127.0.0.1:49592/eOFURpKAojA=/ws
